C:\USERS\ANA\DOCUMENTS\VISUAL STUDIO 2010\PROJECTS\OPENCVDEMO\DEBUG\OPENCVDEMO.EXE
C:\USERS\ANA\DOCUMENTS\VISUAL STUDIO 2010\PROJECTS\OPENCVDEMO\DEBUG\OPENCVDEMO.ILK
C:\USERS\ANA\DOCUMENTS\VISUAL STUDIO 2010\PROJECTS\OPENCVDEMO\DEBUG\OPENCVDEMO.PDB
C:\USERS\ANA\DOCUMENTS\VISUAL STUDIO 2010\PROJECTS\OPENCVDEMO\OPENCVDEMO\DEBUG\ALPHABLEND.OBJ
C:\USERS\ANA\DOCUMENTS\VISUAL STUDIO 2010\PROJECTS\OPENCVDEMO\OPENCVDEMO\DEBUG\BLOBS0.OBJ
C:\USERS\ANA\DOCUMENTS\VISUAL STUDIO 2010\PROJECTS\OPENCVDEMO\OPENCVDEMO\DEBUG\BLOBS1.OBJ
C:\USERS\ANA\DOCUMENTS\VISUAL STUDIO 2010\PROJECTS\OPENCVDEMO\OPENCVDEMO\DEBUG\CANNY.OBJ
C:\USERS\ANA\DOCUMENTS\VISUAL STUDIO 2010\PROJECTS\OPENCVDEMO\OPENCVDEMO\DEBUG\CAPTUREVIDEO.OBJ
C:\Users\ana\Documents\Visual Studio 2010\Projects\OpenCVDemo\OpenCVDemo\Debug\cl.command.1.tlog
C:\Users\ana\Documents\Visual Studio 2010\Projects\OpenCVDemo\OpenCVDemo\Debug\CL.read.1.tlog
C:\Users\ana\Documents\Visual Studio 2010\Projects\OpenCVDemo\OpenCVDemo\Debug\CL.write.1.tlog
C:\USERS\ANA\DOCUMENTS\VISUAL STUDIO 2010\PROJECTS\OPENCVDEMO\OPENCVDEMO\DEBUG\DISPLAYIMAGE.OBJ
C:\USERS\ANA\DOCUMENTS\VISUAL STUDIO 2010\PROJECTS\OPENCVDEMO\OPENCVDEMO\DEBUG\DISPLAYVIDEO.OBJ
C:\USERS\ANA\DOCUMENTS\VISUAL STUDIO 2010\PROJECTS\OPENCVDEMO\OPENCVDEMO\DEBUG\DRAWING0.OBJ
C:\USERS\ANA\DOCUMENTS\VISUAL STUDIO 2010\PROJECTS\OPENCVDEMO\OPENCVDEMO\DEBUG\FACEDETECTION2.OBJ
C:\USERS\ANA\DOCUMENTS\VISUAL STUDIO 2010\PROJECTS\OPENCVDEMO\OPENCVDEMO\DEBUG\FACEDETECTION3.OBJ
C:\USERS\ANA\DOCUMENTS\VISUAL STUDIO 2010\PROJECTS\OPENCVDEMO\OPENCVDEMO\DEBUG\FILTERS.OBJ
C:\USERS\ANA\DOCUMENTS\VISUAL STUDIO 2010\PROJECTS\OPENCVDEMO\OPENCVDEMO\DEBUG\GAUSSIANBLUR.OBJ
C:\Users\ana\Documents\Visual Studio 2010\Projects\OpenCVDemo\OpenCVDemo\Debug\link.command.1.tlog
C:\Users\ana\Documents\Visual Studio 2010\Projects\OpenCVDemo\OpenCVDemo\Debug\link.read.1.tlog
C:\Users\ana\Documents\Visual Studio 2010\Projects\OpenCVDemo\OpenCVDemo\Debug\link.write.1.tlog
C:\Users\ana\Documents\Visual Studio 2010\Projects\OpenCVDemo\OpenCVDemo\Debug\link-cvtres.read.1.tlog
C:\Users\ana\Documents\Visual Studio 2010\Projects\OpenCVDemo\OpenCVDemo\Debug\link-cvtres.write.1.tlog
C:\USERS\ANA\DOCUMENTS\VISUAL STUDIO 2010\PROJECTS\OPENCVDEMO\OPENCVDEMO\DEBUG\MOUSEEVENT.OBJ
C:\Users\ana\Documents\Visual Studio 2010\Projects\OpenCVDemo\OpenCVDemo\Debug\mt.command.1.tlog
C:\Users\ana\Documents\Visual Studio 2010\Projects\OpenCVDemo\OpenCVDemo\Debug\mt.read.1.tlog
C:\Users\ana\Documents\Visual Studio 2010\Projects\OpenCVDemo\OpenCVDemo\Debug\mt.write.1.tlog
C:\USERS\ANA\DOCUMENTS\VISUAL STUDIO 2010\PROJECTS\OPENCVDEMO\OPENCVDEMO\DEBUG\OPENCVDEMO.EXE.EMBED.MANIFEST
C:\USERS\ANA\DOCUMENTS\VISUAL STUDIO 2010\PROJECTS\OPENCVDEMO\OPENCVDEMO\DEBUG\OPENCVDEMO.EXE.EMBED.MANIFEST.RES
C:\USERS\ANA\DOCUMENTS\VISUAL STUDIO 2010\PROJECTS\OPENCVDEMO\OPENCVDEMO\DEBUG\OPENCVDEMO.EXE.INTERMEDIATE.MANIFEST
C:\USERS\ANA\DOCUMENTS\VISUAL STUDIO 2010\PROJECTS\OPENCVDEMO\OPENCVDEMO\DEBUG\OPENCVDEMO.OBJ
C:\USERS\ANA\DOCUMENTS\VISUAL STUDIO 2010\PROJECTS\OPENCVDEMO\OPENCVDEMO\DEBUG\OPENCVDEMO.PCH
C:\Users\ana\Documents\Visual Studio 2010\Projects\OpenCVDemo\OpenCVDemo\Debug\OpenCVDemo_manifest.rc
C:\Users\ana\Documents\Visual Studio 2010\Projects\OpenCVDemo\OpenCVDemo\Debug\rc.command.1.tlog
C:\Users\ana\Documents\Visual Studio 2010\Projects\OpenCVDemo\OpenCVDemo\Debug\rc.read.1.tlog
C:\Users\ana\Documents\Visual Studio 2010\Projects\OpenCVDemo\OpenCVDemo\Debug\rc.write.1.tlog
C:\USERS\ANA\DOCUMENTS\VISUAL STUDIO 2010\PROJECTS\OPENCVDEMO\OPENCVDEMO\DEBUG\RECORDVIDEO.OBJ
C:\USERS\ANA\DOCUMENTS\VISUAL STUDIO 2010\PROJECTS\OPENCVDEMO\OPENCVDEMO\DEBUG\STDAFX.OBJ
C:\Users\ana\Documents\Visual Studio 2010\Projects\OpenCVDemo\OpenCVDemo\Debug\vc100.idb
C:\USERS\ANA\DOCUMENTS\VISUAL STUDIO 2010\PROJECTS\OPENCVDEMO\OPENCVDEMO\DEBUG\VC100.PDB
