Build started 3/2/2011 8:18:56 PM.
     1>Project "C:\Users\Farzon\Desktop\Rovio\MiGIO-2\MiGIO.vcxproj" on node 2 (build target(s)).
     1>InitializeBuildStatus:
         Touching "Debug\MiGIO.unsuccessfulbuild".
       ClCompile:
         c:\Program Files (x86)\Microsoft Visual Studio 10.0\VC\bin\CL.exe /c /IC:\OpenCV2.0\include\opencv /ZI /nologo /W3 /WX- /Od /Oy- /D WIN32 /D _DEBUG /D _CONSOLE /D _UNICODE /D UNICODE /Gm /EHsc /RTC1 /MDd /GS /fp:precise /Zc:wchar_t /Zc:forScope /Fo"Debug\\" /Fd"Debug\vc100.pdb" /Gd /TP /analyze- /errorReport:prompt geoCompute.cpp
         geoCompute.cpp
     1>c:\users\farzon\desktop\rovio\migio-2\geocompute.cpp(37): error C2144: syntax error : 'RobotPoint' should be preceded by ':'
     1>c:\users\farzon\desktop\rovio\migio-2\geocompute.cpp(87): error C2146: syntax error : missing ';' before identifier 'm_side'
     1>c:\users\farzon\desktop\rovio\migio-2\geocompute.cpp(87): error C4430: missing type specifier - int assumed. Note: C++ does not support default-int
     1>c:\users\farzon\desktop\rovio\migio-2\geocompute.cpp(87): error C4430: missing type specifier - int assumed. Note: C++ does not support default-int
     1>c:\users\farzon\desktop\rovio\migio-2\geocompute.cpp(45): error C2512: 'Point' : no appropriate default constructor available
     1>c:\users\farzon\desktop\rovio\migio-2\geocompute.cpp(49): error C2679: binary '=' : no operator found which takes a right-hand operand of type 'Point *' (or there is no acceptable conversion)
                 c:\users\farzon\desktop\rovio\migio-2\geocompute.cpp(27): could be 'Point &Point::operator =(const Point &)'
                 while trying to match the argument list '(Point, Point *)'
     1>c:\users\farzon\desktop\rovio\migio-2\geocompute.cpp(50): error C2664: 'Point::distance' : cannot convert parameter 1 from 'LemonPoint *' to 'Point'
                 No constructor could take the source type, or constructor overload resolution was ambiguous
     1>c:\users\farzon\desktop\rovio\migio-2\geocompute.cpp(51): error C2819: type 'Point' does not have an overloaded member 'operator ->'
                 c:\users\farzon\desktop\rovio\migio-2\geocompute.cpp(6) : see declaration of 'Point'
                 did you intend to use '.' instead?
     1>c:\users\farzon\desktop\rovio\migio-2\geocompute.cpp(51): error C2232: '->Point::distance' : left operand has 'class' type, use '.'
     1>c:\users\farzon\desktop\rovio\migio-2\geocompute.cpp(52): error C2819: type 'Point' does not have an overloaded member 'operator ->'
                 c:\users\farzon\desktop\rovio\migio-2\geocompute.cpp(6) : see declaration of 'Point'
                 did you intend to use '.' instead?
     1>c:\users\farzon\desktop\rovio\migio-2\geocompute.cpp(52): error C2232: '->Point::distance' : left operand has 'class' type, use '.'
     1>c:\users\farzon\desktop\rovio\migio-2\geocompute.cpp(56): error C2228: left of '.getX' must have class/struct/union
                 type is 'RobotPoint *'
                 did you intend to use '->' instead?
     1>c:\users\farzon\desktop\rovio\migio-2\geocompute.cpp(56): error C2228: left of '.getX' must have class/struct/union
                 type is 'LemonPoint *'
                 did you intend to use '->' instead?
     1>c:\users\farzon\desktop\rovio\migio-2\geocompute.cpp(57): error C2065: 'm_side' : undeclared identifier
     1>c:\users\farzon\desktop\rovio\migio-2\geocompute.cpp(57): error C2065: 'left' : undeclared identifier
     1>c:\users\farzon\desktop\rovio\migio-2\geocompute.cpp(59): error C2228: left of '.getX' must have class/struct/union
                 type is 'RobotPoint *'
                 did you intend to use '->' instead?
     1>c:\users\farzon\desktop\rovio\migio-2\geocompute.cpp(59): error C2228: left of '.getX' must have class/struct/union
                 type is 'LemonPoint *'
                 did you intend to use '->' instead?
     1>c:\users\farzon\desktop\rovio\migio-2\geocompute.cpp(60): error C2065: 'm_side' : undeclared identifier
     1>c:\users\farzon\desktop\rovio\migio-2\geocompute.cpp(60): error C2065: 'center' : undeclared identifier
     1>c:\users\farzon\desktop\rovio\migio-2\geocompute.cpp(63): error C2065: 'm_side' : undeclared identifier
     1>c:\users\farzon\desktop\rovio\migio-2\geocompute.cpp(63): error C2065: 'right' : undeclared identifier
     1>c:\users\farzon\desktop\rovio\migio-2\geocompute.cpp(68): error C2065: 'm_side' : undeclared identifier
     1>c:\users\farzon\desktop\rovio\migio-2\geocompute.cpp(104): error C2059: syntax error : '{'
     1>c:\users\farzon\desktop\rovio\migio-2\geocompute.cpp(124): error C2065: 'side' : undeclared identifier
     1>c:\users\farzon\desktop\rovio\migio-2\geocompute.cpp(126): error C3861: 'rovio_turnLeftByDegree': identifier not found
     1>c:\users\farzon\desktop\rovio\migio-2\geocompute.cpp(129): error C2065: 'side' : undeclared identifier
     1>c:\users\farzon\desktop\rovio\migio-2\geocompute.cpp(130): error C2065: 'p_line' : undeclared identifier
     1>c:\users\farzon\desktop\rovio\migio-2\geocompute.cpp(130): error C3861: 'rovio_forward': identifier not found
     1>c:\users\farzon\desktop\rovio\migio-2\geocompute.cpp(134): error C3861: 'rovio_turnRightByDegree': identifier not found
     1>Done Building Project "C:\Users\Farzon\Desktop\Rovio\MiGIO-2\MiGIO.vcxproj" (build target(s)) -- FAILED.

Build FAILED.

Time Elapsed 00:00:01.69
