C:\USERS\LARRY\DESKTOP\MIGIO-2\DEBUG\CAMERAINTERFACE.OBJ
C:\Users\Larry\Desktop\MiGIO-2\Debug\cl.command.1.tlog
C:\Users\Larry\Desktop\MiGIO-2\Debug\CL.read.1.tlog
C:\Users\Larry\Desktop\MiGIO-2\Debug\CL.write.1.tlog
C:\USERS\LARRY\DESKTOP\MIGIO-2\DEBUG\CVCONSOLE.OBJ
C:\USERS\LARRY\DESKTOP\MIGIO-2\DEBUG\HTTPINTERFACE.OBJ
C:\Users\Larry\Desktop\MiGIO-2\Debug\link.2472.read.1.tlog
C:\Users\Larry\Desktop\MiGIO-2\Debug\link.2472.write.1.tlog
C:\Users\Larry\Desktop\MiGIO-2\Debug\link.2472-cvtres.read.1.tlog
C:\Users\Larry\Desktop\MiGIO-2\Debug\link.2472-cvtres.write.1.tlog
C:\Users\Larry\Desktop\MiGIO-2\Debug\link.command.1.tlog
C:\Users\Larry\Desktop\MiGIO-2\Debug\link.read.1.tlog
C:\Users\Larry\Desktop\MiGIO-2\Debug\link.write.1.tlog
C:\Users\Larry\Desktop\MiGIO-2\Debug\link-cvtres.read.1.tlog
C:\Users\Larry\Desktop\MiGIO-2\Debug\link-cvtres.write.1.tlog
C:\USERS\LARRY\DESKTOP\MIGIO-2\DEBUG\MAIN.OBJ
C:\USERS\LARRY\DESKTOP\MIGIO-2\DEBUG\MIGIO.EXE
C:\USERS\LARRY\DESKTOP\MIGIO-2\DEBUG\MIGIO.EXE.EMBED.MANIFEST
C:\USERS\LARRY\DESKTOP\MIGIO-2\DEBUG\MIGIO.EXE.EMBED.MANIFEST.RES
C:\USERS\LARRY\DESKTOP\MIGIO-2\DEBUG\MIGIO.EXE.INTERMEDIATE.MANIFEST
C:\USERS\LARRY\DESKTOP\MIGIO-2\DEBUG\MIGIO.ILK
C:\USERS\LARRY\DESKTOP\MIGIO-2\DEBUG\MIGIO.PDB
C:\Users\Larry\Desktop\MiGIO-2\Debug\MiGIO_manifest.rc
C:\Users\Larry\Desktop\MiGIO-2\Debug\mt.command.1.tlog
C:\Users\Larry\Desktop\MiGIO-2\Debug\mt.read.1.tlog
C:\Users\Larry\Desktop\MiGIO-2\Debug\mt.write.1.tlog
C:\Users\Larry\Desktop\MiGIO-2\Debug\rc.command.1.tlog
C:\Users\Larry\Desktop\MiGIO-2\Debug\rc.read.1.tlog
C:\Users\Larry\Desktop\MiGIO-2\Debug\rc.write.1.tlog
C:\USERS\LARRY\DESKTOP\MIGIO-2\DEBUG\ROBOTINTERFACE.OBJ
C:\USERS\LARRY\DESKTOP\MIGIO-2\DEBUG\ROBOTINTERFACEPLEO.OBJ
C:\USERS\LARRY\DESKTOP\MIGIO-2\DEBUG\ROBOTINTERFACEROVIO.OBJ
C:\USERS\LARRY\DESKTOP\MIGIO-2\DEBUG\ROBOTSTATUS.OBJ
C:\USERS\LARRY\DESKTOP\MIGIO-2\DEBUG\SERIALTERM.OBJ
C:\Users\Larry\Desktop\MiGIO-2\Debug\vc100.idb
C:\USERS\LARRY\DESKTOP\MIGIO-2\DEBUG\VC100.PDB
